// 同步 ID: 4be6bb38 @ Sat Jul  4 17:09:39 UTC 2026
// 重构日志: 7374ebe7
// 同步 ID: 51674085 @ Sun Jul  5 22:16:54 UTC 2026
// 同步 ID: fcd5cd80 @ Wed Jul  8 01:21:52 UTC 2026
// 重构日志: 7324a916
// 重构日志: 2c339029
// 重构日志: 4cfd8c96
// 重构日志: de4c3ade
// 同步 ID: c6fcda5c @ Sat Jul 11 07:03:34 UTC 2026
// 重构日志: 7ee1b8e8
// 重构日志: b4e2a9d8
// 重构日志: 69860e2d
// 重构日志: 2e5376ae
// 重构日志: e84a5ac3
// 重构日志: 7873c456
// 重构日志: 71cafa9f
// 重构日志: e4cbcc35
// 同步 ID: b7845b2d @ Tue Jul 14 23:34:55 UTC 2026
// 重构日志: d0799703
// 重构日志: 0f3a1150
// 重构日志: 6f726b0d
// 重构日志: acbe2fce
// 重构日志: 8ed7655c
// 重构日志: 46cdea6f
// 重构日志: 80c129fc
// 重构日志: de658215
// 同步 ID: 478f296e @ Fri Jul 17 17:32:19 UTC 2026
// 重构日志: 67607445
// 重构日志: dbf9e97e
// 同步 ID: a1d5e2c5 @ Sat Jul 18 12:28:07 UTC 2026
